========================================================================================================================
Symbol Table: Global                                                             Parent: null
----------------------------------------------------------------------------------------------------
Name                Type                      Category       Initial Value        Size         Offset       Nested Table
========================================================================================================================
printInt            int                                        function       4            0            ptr-to-ST(printInt)
printStr            int                                        function       4            4            ptr-to-ST(printStr)
readInt             int                                        function       4            8            ptr-to-ST(readInt)
f                   int                                        function       4            12           ptr-to-ST(f)
main                int                                        function       4            16           ptr-to-ST(main)
========================================================================================================================

========================================================================================================================
Symbol Table: printInt                                                           Parent: Global
----------------------------------------------------------------------------------------------------
Name                Type                      Category       Initial Value        Size         Offset       Nested Table
========================================================================================================================
n                   int                                        param          4            0            null
return              int                                        local          4            4            null
========================================================================================================================

========================================================================================================================
Symbol Table: printStr                                                           Parent: Global
----------------------------------------------------------------------------------------------------
Name                Type                      Category       Initial Value        Size         Offset       Nested Table
========================================================================================================================
c                   ptr(char)                                  param          4            0            null
return              int                                        local          4            4            null
========================================================================================================================

========================================================================================================================
Symbol Table: readInt                                                            Parent: Global
----------------------------------------------------------------------------------------------------
Name                Type                      Category       Initial Value        Size         Offset       Nested Table
========================================================================================================================
eP                  ptr(int)                                   param          4            0            null
return              int                                        local          4            4            null
========================================================================================================================

========================================================================================================================
Symbol Table: f                                                                  Parent: Global
----------------------------------------------------------------------------------------------------
Name                Type                      Category       Initial Value        Size         Offset       Nested Table
========================================================================================================================
a                   ptr(int)                                   param          4            0            null
return              int                                        local          4            4            null
b                   int                                        local          4            8            null
t00                 int                                        temp           4            12           null
t01                 int                                        temp           4            16           null
t02                 int                                        temp           4            20           null
t03                 int                       2                temp           4            24           null
t04                 int                                        temp           4            28           null
t05                 int                                        temp           4            32           null
t06                 int                                        temp           4            36           null
========================================================================================================================

========================================================================================================================
Symbol Table: main                                                               Parent: Global
----------------------------------------------------------------------------------------------------
Name                Type                      Category       Initial Value        Size         Offset       Nested Table
========================================================================================================================
return              int                                        local          4            0            null
k                   int                                        local          4            4            null
printStr            int                                        local          4            8            null
t00                 ptr(char)                 "Testing print string"temp           4            12           null
t01                 int                                        temp           4            16           null
t02                 int                                        temp           4            20           null
t03                 int                                        temp           4            24           null
printInt            int                                        local          4            28           null
t04                 int                                        temp           4            32           null
t05                 int                       12               temp           4            36           null
t06                 int                                        temp           4            40           null
t07                 int                                        temp           4            44           null
t08                 int                                        temp           4            48           null
t09                 int                                        temp           4            52           null
t10                 ptr(char)                 "Testing read int \n"temp           4            56           null
t11                 int                                        temp           4            60           null
t12                 ptr(char)                 "Enter integer: "temp           4            64           null
t13                 int                                        temp           4            68           null
a                   int                                        local          4            72           null
readInt             int                                        local          4            76           null
t14                 ptr(int)                                   temp           4            80           null
t15                 int                                        temp           4            84           null
t16                 ptr(char)                 "printing the read integer: "temp           4            88           null
t17                 int                                        temp           4            92           null
t18                 int                       0                temp           4            96           null
t19                 int                                        temp           4            100          null
t20                 ptr(char)                 "Error in reading int"temp           4            104          null
t21                 int                                        temp           4            108          null
b                   int                                        local          4            112          null
t22                 ptr(char)                 "Testing pointers!"temp           4            116          null
t23                 int                                        temp           4            120          null
f                   int                                        local          4            124          null
t24                 ptr(int)                                   temp           4            128          null
t25                 int                                        temp           4            132          null
t26                 int                                        temp           4            136          null
t27                 int                                        temp           4            140          null
t28                 int                       0                temp           4            144          null
========================================================================================================================

===================================
Quad Translation:
-----------------------------------

f: 

	1   :	t00 = *a
	2   :	b = t00
	3   :	t03 = 2
	4   :	t04 = b + t03
	5   :	b = t04
	6   :	ret b

main: 

	9   :	t00 = "Testing print string"
	10  :	param t00
	11  :	t01 = call printStr, 1
	12  :	k = t01
	13  :	param k
	14  :	t04 = call printInt, 1
	15  :	t05 = 12
	16  :	param t05
	17  :	t06 = call printInt, 1
	18  :	k = t06
	19  :	param k
	20  :	t09 = call printInt, 1
	21  :	t10 = "Testing read int \n"
	22  :	param t10
	23  :	t11 = call printStr, 1
	24  :	t12 = "Enter integer: "
	25  :	param t12
	26  :	t13 = call printStr, 1
	27  :	t14 = &k
	28  :	param t14
	29  :	t15 = call readInt, 1
	30  :	a = t15
	31  :	t16 = "printing the read integer: "
	32  :	param t16
	33  :	t17 = call printStr, 1
	34  :	t18 = 0
	35  :	if k == t18 goto 38
	36  :	goto 41
	37  :	goto 44
	38  :	param a
	39  :	t19 = call printInt, 1
	40  :	goto 44
	41  :	t20 = "Error in reading int"
	42  :	param t20
	43  :	t21 = call printStr, 1
	44  :	t22 = "Testing pointers!"
	45  :	param t22
	46  :	t23 = call printStr, 1
	47  :	t24 = &k
	48  :	param t24
	49  :	t25 = call f, 1
	50  :	b = t25
	51  :	t28 = 0
	52  :	ret t28
-----------------------------------
